\BOOKMARK [1][]{section.1}{Binary operators}{}% 1
\BOOKMARK [1][]{section.2}{Monoids, Inverse Elements, and Groups}{}% 2
\BOOKMARK [1][]{section.3}{Groups}{}% 3
\BOOKMARK [2][]{subsection.3.1}{Exponent notation for Groups}{section.3}% 4
\BOOKMARK [1][]{section.4}{Orders of Elements and Cyclic Groups}{}% 5
\BOOKMARK [1][]{section.5}{Subgroups}{}% 6
\BOOKMARK [2][]{subsection.5.1}{Examples of Subgroup test}{section.5}% 7
\BOOKMARK [1][]{section.6}{Symmetric Groups}{}% 8
\BOOKMARK [1][]{section.7}{Homomorphisms and Cosets}{}% 9
\BOOKMARK [2][]{subsection.7.1}{Group Homomorphisms}{section.7}% 10
\BOOKMARK [2][]{subsection.7.2}{Cosets}{section.7}% 11
\BOOKMARK [1][]{section.8}{Normal Subgroups and Quotient Groups}{}% 12
\BOOKMARK [1][]{section.9}{Lagrange's Theorem}{}% 13
\BOOKMARK [1][]{section.10}{Introduction to Rings}{}% 14
\BOOKMARK [2][]{subsection.10.1}{Properties of Rings and Definitions}{section.10}% 15
\BOOKMARK [1][]{section.11}{Subrings and Homomorphisms}{}% 16
\BOOKMARK [2][]{subsection.11.1}{Ring Homomorphisms}{section.11}% 17
\BOOKMARK [1][]{section.12}{Ideals and Quotient Rings}{}% 18
\BOOKMARK [2][]{subsection.12.1}{Quotient Rings}{section.12}% 19
\BOOKMARK [2][]{subsection.12.2}{Ideals}{section.12}% 20
